The system is: Linux - 4.14.0-xilinx-v2018.2 - armv7l
Compiling the C compiler identification source file "CMakeCCompilerId.c" succeeded.
Compiler: /usr/bin/cc 
Build flags: 
Id flags:  

The output was:
0


Compilation of the C compiler identification source "CMakeCCompilerId.c" produced "a.out"

The C compiler identification is GNU, found in "/home/ltruaisch/labRemote/build/CMakeFiles/3.8.2/CompilerIdC/a.out"

Compiling the CXX compiler identification source file "CMakeCXXCompilerId.cpp" succeeded.
Compiler: /usr/bin/c++ 
Build flags: 
Id flags:  

The output was:
0


Compilation of the CXX compiler identification source "CMakeCXXCompilerId.cpp" produced "a.out"

The CXX compiler identification is GNU, found in "/home/ltruaisch/labRemote/build/CMakeFiles/3.8.2/CompilerIdCXX/a.out"

Determining if the C compiler works passed with the following output:
Change Dir: /home/ltruaisch/labRemote/build/CMakeFiles/CMakeTmp

Run Build Command:"/usr/bin/make" "cmTC_69096/fast"
/usr/bin/make -f CMakeFiles/cmTC_69096.dir/build.make CMakeFiles/cmTC_69096.dir/build
make[1]: Entering directory '/home/ltruaisch/labRemote/build/CMakeFiles/CMakeTmp'
Building C object CMakeFiles/cmTC_69096.dir/testCCompiler.c.o
/usr/bin/cc    -o CMakeFiles/cmTC_69096.dir/testCCompiler.c.o   -c /home/ltruaisch/labRemote/build/CMakeFiles/CMakeTmp/testCCompiler.c
Linking C executable cmTC_69096
/usr/bin/cmake -E cmake_link_script CMakeFiles/cmTC_69096.dir/link.txt --verbose=1
/usr/bin/cc      -rdynamic CMakeFiles/cmTC_69096.dir/testCCompiler.c.o  -o cmTC_69096 
make[1]: Leaving directory '/home/ltruaisch/labRemote/build/CMakeFiles/CMakeTmp'


Detecting C compiler ABI info compiled with the following output:
Change Dir: /home/ltruaisch/labRemote/build/CMakeFiles/CMakeTmp

Run Build Command:"/usr/bin/make" "cmTC_3c46d/fast"
/usr/bin/make -f CMakeFiles/cmTC_3c46d.dir/build.make CMakeFiles/cmTC_3c46d.dir/build
make[1]: Entering directory '/home/ltruaisch/labRemote/build/CMakeFiles/CMakeTmp'
Building C object CMakeFiles/cmTC_3c46d.dir/CMakeCCompilerABI.c.o
/usr/bin/cc    -o CMakeFiles/cmTC_3c46d.dir/CMakeCCompilerABI.c.o   -c /usr/share/cmake-3.8/Modules/CMakeCCompilerABI.c
Linking C executable cmTC_3c46d
/usr/bin/cmake -E cmake_link_script CMakeFiles/cmTC_3c46d.dir/link.txt --verbose=1
/usr/bin/cc     -v -rdynamic CMakeFiles/cmTC_3c46d.dir/CMakeCCompilerABI.c.o  -o cmTC_3c46d 
Using built-in specs.
COLLECT_GCC=/usr/bin/cc
COLLECT_LTO_WRAPPER=/usr/libexec/gcc/arm-xilinx-linux-gnueabi/7.2.0/lto-wrapper
Target: arm-xilinx-linux-gnueabi
Configured with: ../../../../../../work-shared/gcc-7.2.0-r0/gcc-7.2.0/configure --build=x86_64-linux --host=arm-xilinx-linux-gnueabi --target=arm-xilinx-linux-gnueabi --prefix=/usr --exec_prefix=/usr --bindir=/usr/bin --sbindir=/usr/sbin --libexecdir=/usr/libexec --datadir=/usr/share --sysconfdir=/etc --sharedstatedir=/com --localstatedir=/var --libdir=/usr/lib --includedir=/usr/include --oldincludedir=/usr/include --infodir=/usr/share/info --mandir=/usr/share/man --disable-silent-rules --disable-dependency-tracking --with-libtool-sysroot=/scratch/petalinux-yocto/yocto_downloads_2018.2_zynq-generic/build_zynq-generic/tmp/work/cortexa9hf-neon-xilinx-linux-gnueabi/gcc/7.2.0-r0/recipe-sysroot --with-gnu-ld --enable-shared --enable-languages=c,c++ --enable-threads=posix --enable-multilib --enable-c99 --enable-long-long --enable-symvers=gnu --enable-libstdcxx-pch --program-prefix=arm-xilinx-linux-gnueabi- --without-local-prefix --enable-lto --enable-libssp --enable-libitm --disable-bootstrap --disable-libmudflap --with-system-zlib --with-linker-hash-style=gnu --enable-linker-build-id --with-ppl=no --with-cloog=no --enable-checking=release --enable-cheaders=c_global --without-isl --with-float=hard --with-sysroot=/ --with-build-sysroot=/scratch/petalinux-yocto/yocto_downloads_2018.2_zynq-generic/build_zynq-generic/tmp/work/cortexa9hf-neon-xilinx-linux-gnueabi/gcc/7.2.0-r0/recipe-sysroot --with-gxx-include-dir=/usr/include/c++/7.2.0 --without-long-double-128 --disable-static --enable-nls --enable-initfini-array --with-arch=armv7-a
Thread model: posix
gcc version 7.2.0 (GCC) 
COMPILER_PATH=/usr/libexec/gcc/arm-xilinx-linux-gnueabi/7.2.0/:/usr/libexec/gcc/arm-xilinx-linux-gnueabi/7.2.0/:/usr/libexec/gcc/arm-xilinx-linux-gnueabi/:/usr/lib/gcc/arm-xilinx-linux-gnueabi/7.2.0/:/usr/lib/gcc/arm-xilinx-linux-gnueabi/:/usr/lib/gcc/arm-xilinx-linux-gnueabi/7.2.0/../../../../arm-xilinx-linux-gnueabi/bin/
LIBRARY_PATH=/usr/lib/gcc/arm-xilinx-linux-gnueabi/7.2.0/:/usr/lib/gcc/arm-xilinx-linux-gnueabi/7.2.0/../../../arm-xilinx-linux-gnueabi/7.2.0/:/usr/lib/gcc/arm-xilinx-linux-gnueabi/7.2.0/../../../:/lib/:/usr/lib/arm-xilinx-linux-gnueabi/7.2.0/:/usr/lib/
COLLECT_GCC_OPTIONS='-v' '-rdynamic' '-o' 'cmTC_3c46d' '-march=armv7-a' '-mfloat-abi=hard' '-mtls-dialect=gnu'
 /usr/libexec/gcc/arm-xilinx-linux-gnueabi/7.2.0/collect2 -plugin /usr/libexec/gcc/arm-xilinx-linux-gnueabi/7.2.0/liblto_plugin.so -plugin-opt=/usr/libexec/gcc/arm-xilinx-linux-gnueabi/7.2.0/lto-wrapper -plugin-opt=-fresolution=/tmp/ccRnZVQb.res -plugin-opt=-pass-through=-lgcc -plugin-opt=-pass-through=-lgcc_s -plugin-opt=-pass-through=-lc -plugin-opt=-pass-through=-lgcc -plugin-opt=-pass-through=-lgcc_s --sysroot=/ --build-id --eh-frame-hdr --hash-style=gnu -export-dynamic -dynamic-linker /lib/ld-linux-armhf.so.3 -X -m armelf_linux_eabi -o cmTC_3c46d /usr/lib/gcc/arm-xilinx-linux-gnueabi/7.2.0/../../../crt1.o /usr/lib/gcc/arm-xilinx-linux-gnueabi/7.2.0/../../../crti.o /usr/lib/gcc/arm-xilinx-linux-gnueabi/7.2.0/../../../arm-xilinx-linux-gnueabi/7.2.0/crtbegin.o -L/usr/lib/gcc/arm-xilinx-linux-gnueabi/7.2.0 -L/usr/lib/gcc/arm-xilinx-linux-gnueabi/7.2.0/../../../arm-xilinx-linux-gnueabi/7.2.0 -L/usr/lib/gcc/arm-xilinx-linux-gnueabi/7.2.0/../../.. -L/usr/lib/arm-xilinx-linux-gnueabi/7.2.0 CMakeFiles/cmTC_3c46d.dir/CMakeCCompilerABI.c.o -lgcc --as-needed -lgcc_s --no-as-needed -lc -lgcc --as-needed -lgcc_s --no-as-needed /usr/lib/gcc/arm-xilinx-linux-gnueabi/7.2.0/../../../arm-xilinx-linux-gnueabi/7.2.0/crtend.o /usr/lib/gcc/arm-xilinx-linux-gnueabi/7.2.0/../../../crtn.o
COLLECT_GCC_OPTIONS='-v' '-rdynamic' '-o' 'cmTC_3c46d' '-march=armv7-a' '-mfloat-abi=hard' '-mtls-dialect=gnu'
make[1]: Leaving directory '/home/ltruaisch/labRemote/build/CMakeFiles/CMakeTmp'


Parsed C implicit link information from above output:
  link line regex: [^( *|.*[/\])(ld|([^/\]+-)?ld|collect2)[^/\]*( |$)]
  ignore line: [Change Dir: /home/ltruaisch/labRemote/build/CMakeFiles/CMakeTmp]
  ignore line: []
  ignore line: [Run Build Command:"/usr/bin/make" "cmTC_3c46d/fast"]
  ignore line: [/usr/bin/make -f CMakeFiles/cmTC_3c46d.dir/build.make CMakeFiles/cmTC_3c46d.dir/build]
  ignore line: [make[1]: Entering directory '/home/ltruaisch/labRemote/build/CMakeFiles/CMakeTmp']
  ignore line: [Building C object CMakeFiles/cmTC_3c46d.dir/CMakeCCompilerABI.c.o]
  ignore line: [/usr/bin/cc    -o CMakeFiles/cmTC_3c46d.dir/CMakeCCompilerABI.c.o   -c /usr/share/cmake-3.8/Modules/CMakeCCompilerABI.c]
  ignore line: [Linking C executable cmTC_3c46d]
  ignore line: [/usr/bin/cmake -E cmake_link_script CMakeFiles/cmTC_3c46d.dir/link.txt --verbose=1]
  ignore line: [/usr/bin/cc     -v -rdynamic CMakeFiles/cmTC_3c46d.dir/CMakeCCompilerABI.c.o  -o cmTC_3c46d ]
  ignore line: [Using built-in specs.]
  ignore line: [COLLECT_GCC=/usr/bin/cc]
  ignore line: [COLLECT_LTO_WRAPPER=/usr/libexec/gcc/arm-xilinx-linux-gnueabi/7.2.0/lto-wrapper]
  ignore line: [Target: arm-xilinx-linux-gnueabi]
  ignore line: [Configured with: ../../../../../../work-shared/gcc-7.2.0-r0/gcc-7.2.0/configure --build=x86_64-linux --host=arm-xilinx-linux-gnueabi --target=arm-xilinx-linux-gnueabi --prefix=/usr --exec_prefix=/usr --bindir=/usr/bin --sbindir=/usr/sbin --libexecdir=/usr/libexec --datadir=/usr/share --sysconfdir=/etc --sharedstatedir=/com --localstatedir=/var --libdir=/usr/lib --includedir=/usr/include --oldincludedir=/usr/include --infodir=/usr/share/info --mandir=/usr/share/man --disable-silent-rules --disable-dependency-tracking --with-libtool-sysroot=/scratch/petalinux-yocto/yocto_downloads_2018.2_zynq-generic/build_zynq-generic/tmp/work/cortexa9hf-neon-xilinx-linux-gnueabi/gcc/7.2.0-r0/recipe-sysroot --with-gnu-ld --enable-shared --enable-languages=c,c++ --enable-threads=posix --enable-multilib --enable-c99 --enable-long-long --enable-symvers=gnu --enable-libstdcxx-pch --program-prefix=arm-xilinx-linux-gnueabi- --without-local-prefix --enable-lto --enable-libssp --enable-libitm --disable-bootstrap --disable-libmudflap --with-system-zlib --with-linker-hash-style=gnu --enable-linker-build-id --with-ppl=no --with-cloog=no --enable-checking=release --enable-cheaders=c_global --without-isl --with-float=hard --with-sysroot=/ --with-build-sysroot=/scratch/petalinux-yocto/yocto_downloads_2018.2_zynq-generic/build_zynq-generic/tmp/work/cortexa9hf-neon-xilinx-linux-gnueabi/gcc/7.2.0-r0/recipe-sysroot --with-gxx-include-dir=/usr/include/c++/7.2.0 --without-long-double-128 --disable-static --enable-nls --enable-initfini-array --with-arch=armv7-a]
  ignore line: [Thread model: posix]
  ignore line: [gcc version 7.2.0 (GCC) ]
  ignore line: [COMPILER_PATH=/usr/libexec/gcc/arm-xilinx-linux-gnueabi/7.2.0/:/usr/libexec/gcc/arm-xilinx-linux-gnueabi/7.2.0/:/usr/libexec/gcc/arm-xilinx-linux-gnueabi/:/usr/lib/gcc/arm-xilinx-linux-gnueabi/7.2.0/:/usr/lib/gcc/arm-xilinx-linux-gnueabi/:/usr/lib/gcc/arm-xilinx-linux-gnueabi/7.2.0/../../../../arm-xilinx-linux-gnueabi/bin/]
  ignore line: [LIBRARY_PATH=/usr/lib/gcc/arm-xilinx-linux-gnueabi/7.2.0/:/usr/lib/gcc/arm-xilinx-linux-gnueabi/7.2.0/../../../arm-xilinx-linux-gnueabi/7.2.0/:/usr/lib/gcc/arm-xilinx-linux-gnueabi/7.2.0/../../../:/lib/:/usr/lib/arm-xilinx-linux-gnueabi/7.2.0/:/usr/lib/]
  ignore line: [COLLECT_GCC_OPTIONS='-v' '-rdynamic' '-o' 'cmTC_3c46d' '-march=armv7-a' '-mfloat-abi=hard' '-mtls-dialect=gnu']
  link line: [ /usr/libexec/gcc/arm-xilinx-linux-gnueabi/7.2.0/collect2 -plugin /usr/libexec/gcc/arm-xilinx-linux-gnueabi/7.2.0/liblto_plugin.so -plugin-opt=/usr/libexec/gcc/arm-xilinx-linux-gnueabi/7.2.0/lto-wrapper -plugin-opt=-fresolution=/tmp/ccRnZVQb.res -plugin-opt=-pass-through=-lgcc -plugin-opt=-pass-through=-lgcc_s -plugin-opt=-pass-through=-lc -plugin-opt=-pass-through=-lgcc -plugin-opt=-pass-through=-lgcc_s --sysroot=/ --build-id --eh-frame-hdr --hash-style=gnu -export-dynamic -dynamic-linker /lib/ld-linux-armhf.so.3 -X -m armelf_linux_eabi -o cmTC_3c46d /usr/lib/gcc/arm-xilinx-linux-gnueabi/7.2.0/../../../crt1.o /usr/lib/gcc/arm-xilinx-linux-gnueabi/7.2.0/../../../crti.o /usr/lib/gcc/arm-xilinx-linux-gnueabi/7.2.0/../../../arm-xilinx-linux-gnueabi/7.2.0/crtbegin.o -L/usr/lib/gcc/arm-xilinx-linux-gnueabi/7.2.0 -L/usr/lib/gcc/arm-xilinx-linux-gnueabi/7.2.0/../../../arm-xilinx-linux-gnueabi/7.2.0 -L/usr/lib/gcc/arm-xilinx-linux-gnueabi/7.2.0/../../.. -L/usr/lib/arm-xilinx-linux-gnueabi/7.2.0 CMakeFiles/cmTC_3c46d.dir/CMakeCCompilerABI.c.o -lgcc --as-needed -lgcc_s --no-as-needed -lc -lgcc --as-needed -lgcc_s --no-as-needed /usr/lib/gcc/arm-xilinx-linux-gnueabi/7.2.0/../../../arm-xilinx-linux-gnueabi/7.2.0/crtend.o /usr/lib/gcc/arm-xilinx-linux-gnueabi/7.2.0/../../../crtn.o]
    arg [/usr/libexec/gcc/arm-xilinx-linux-gnueabi/7.2.0/collect2] ==> ignore
    arg [-plugin] ==> ignore
    arg [/usr/libexec/gcc/arm-xilinx-linux-gnueabi/7.2.0/liblto_plugin.so] ==> ignore
    arg [-plugin-opt=/usr/libexec/gcc/arm-xilinx-linux-gnueabi/7.2.0/lto-wrapper] ==> ignore
    arg [-plugin-opt=-fresolution=/tmp/ccRnZVQb.res] ==> ignore
    arg [-plugin-opt=-pass-through=-lgcc] ==> ignore
    arg [-plugin-opt=-pass-through=-lgcc_s] ==> ignore
    arg [-plugin-opt=-pass-through=-lc] ==> ignore
    arg [-plugin-opt=-pass-through=-lgcc] ==> ignore
    arg [-plugin-opt=-pass-through=-lgcc_s] ==> ignore
    arg [--sysroot=/] ==> ignore
    arg [--build-id] ==> ignore
    arg [--eh-frame-hdr] ==> ignore
    arg [--hash-style=gnu] ==> ignore
    arg [-export-dynamic] ==> ignore
    arg [-dynamic-linker] ==> ignore
    arg [/lib/ld-linux-armhf.so.3] ==> ignore
    arg [-X] ==> ignore
    arg [-m] ==> ignore
    arg [armelf_linux_eabi] ==> ignore
    arg [-o] ==> ignore
    arg [cmTC_3c46d] ==> ignore
    arg [/usr/lib/gcc/arm-xilinx-linux-gnueabi/7.2.0/../../../crt1.o] ==> ignore
    arg [/usr/lib/gcc/arm-xilinx-linux-gnueabi/7.2.0/../../../crti.o] ==> ignore
    arg [/usr/lib/gcc/arm-xilinx-linux-gnueabi/7.2.0/../../../arm-xilinx-linux-gnueabi/7.2.0/crtbegin.o] ==> ignore
    arg [-L/usr/lib/gcc/arm-xilinx-linux-gnueabi/7.2.0] ==> dir [/usr/lib/gcc/arm-xilinx-linux-gnueabi/7.2.0]
    arg [-L/usr/lib/gcc/arm-xilinx-linux-gnueabi/7.2.0/../../../arm-xilinx-linux-gnueabi/7.2.0] ==> dir [/usr/lib/gcc/arm-xilinx-linux-gnueabi/7.2.0/../../../arm-xilinx-linux-gnueabi/7.2.0]
    arg [-L/usr/lib/gcc/arm-xilinx-linux-gnueabi/7.2.0/../../..] ==> dir [/usr/lib/gcc/arm-xilinx-linux-gnueabi/7.2.0/../../..]
    arg [-L/usr/lib/arm-xilinx-linux-gnueabi/7.2.0] ==> dir [/usr/lib/arm-xilinx-linux-gnueabi/7.2.0]
    arg [CMakeFiles/cmTC_3c46d.dir/CMakeCCompilerABI.c.o] ==> ignore
    arg [-lgcc] ==> lib [gcc]
    arg [--as-needed] ==> ignore
    arg [-lgcc_s] ==> lib [gcc_s]
    arg [--no-as-needed] ==> ignore
    arg [-lc] ==> lib [c]
    arg [-lgcc] ==> lib [gcc]
    arg [--as-needed] ==> ignore
    arg [-lgcc_s] ==> lib [gcc_s]
    arg [--no-as-needed] ==> ignore
    arg [/usr/lib/gcc/arm-xilinx-linux-gnueabi/7.2.0/../../../arm-xilinx-linux-gnueabi/7.2.0/crtend.o] ==> ignore
    arg [/usr/lib/gcc/arm-xilinx-linux-gnueabi/7.2.0/../../../crtn.o] ==> ignore
  remove lib [gcc]
  remove lib [gcc_s]
  remove lib [gcc]
  remove lib [gcc_s]
  collapse library dir [/usr/lib/gcc/arm-xilinx-linux-gnueabi/7.2.0] ==> [/usr/lib/gcc/arm-xilinx-linux-gnueabi/7.2.0]
  collapse library dir [/usr/lib/gcc/arm-xilinx-linux-gnueabi/7.2.0/../../../arm-xilinx-linux-gnueabi/7.2.0] ==> [/usr/lib/arm-xilinx-linux-gnueabi/7.2.0]
  collapse library dir [/usr/lib/gcc/arm-xilinx-linux-gnueabi/7.2.0/../../..] ==> [/usr/lib]
  collapse library dir [/usr/lib/arm-xilinx-linux-gnueabi/7.2.0] ==> [/usr/lib/arm-xilinx-linux-gnueabi/7.2.0]
  implicit libs: [c]
  implicit dirs: [/usr/lib/gcc/arm-xilinx-linux-gnueabi/7.2.0;/usr/lib/arm-xilinx-linux-gnueabi/7.2.0;/usr/lib]
  implicit fwks: []




Detecting C [-std=c11] compiler features compiled with the following output:
Change Dir: /home/ltruaisch/labRemote/build/CMakeFiles/CMakeTmp

Run Build Command:"/usr/bin/make" "cmTC_809c9/fast"
/usr/bin/make -f CMakeFiles/cmTC_809c9.dir/build.make CMakeFiles/cmTC_809c9.dir/build
make[1]: Entering directory '/home/ltruaisch/labRemote/build/CMakeFiles/CMakeTmp'
Building C object CMakeFiles/cmTC_809c9.dir/feature_tests.c.o
/usr/bin/cc   -std=c11 -o CMakeFiles/cmTC_809c9.dir/feature_tests.c.o   -c /home/ltruaisch/labRemote/build/CMakeFiles/feature_tests.c
Linking C executable cmTC_809c9
/usr/bin/cmake -E cmake_link_script CMakeFiles/cmTC_809c9.dir/link.txt --verbose=1
/usr/bin/cc      -rdynamic CMakeFiles/cmTC_809c9.dir/feature_tests.c.o  -o cmTC_809c9 
make[1]: Leaving directory '/home/ltruaisch/labRemote/build/CMakeFiles/CMakeTmp'


    Feature record: C_FEATURE:1c_function_prototypes
    Feature record: C_FEATURE:1c_restrict
    Feature record: C_FEATURE:1c_static_assert
    Feature record: C_FEATURE:1c_variadic_macros


Detecting C [-std=c99] compiler features compiled with the following output:
Change Dir: /home/ltruaisch/labRemote/build/CMakeFiles/CMakeTmp

Run Build Command:"/usr/bin/make" "cmTC_c1389/fast"
/usr/bin/make -f CMakeFiles/cmTC_c1389.dir/build.make CMakeFiles/cmTC_c1389.dir/build
make[1]: Entering directory '/home/ltruaisch/labRemote/build/CMakeFiles/CMakeTmp'
Building C object CMakeFiles/cmTC_c1389.dir/feature_tests.c.o
/usr/bin/cc   -std=c99 -o CMakeFiles/cmTC_c1389.dir/feature_tests.c.o   -c /home/ltruaisch/labRemote/build/CMakeFiles/feature_tests.c
Linking C executable cmTC_c1389
/usr/bin/cmake -E cmake_link_script CMakeFiles/cmTC_c1389.dir/link.txt --verbose=1
/usr/bin/cc      -rdynamic CMakeFiles/cmTC_c1389.dir/feature_tests.c.o  -o cmTC_c1389 
make[1]: Leaving directory '/home/ltruaisch/labRemote/build/CMakeFiles/CMakeTmp'


    Feature record: C_FEATURE:1c_function_prototypes
    Feature record: C_FEATURE:1c_restrict
    Feature record: C_FEATURE:0c_static_assert
    Feature record: C_FEATURE:1c_variadic_macros


Detecting C [-std=c90] compiler features compiled with the following output:
Change Dir: /home/ltruaisch/labRemote/build/CMakeFiles/CMakeTmp

Run Build Command:"/usr/bin/make" "cmTC_b729f/fast"
/usr/bin/make -f CMakeFiles/cmTC_b729f.dir/build.make CMakeFiles/cmTC_b729f.dir/build
make[1]: Entering directory '/home/ltruaisch/labRemote/build/CMakeFiles/CMakeTmp'
Building C object CMakeFiles/cmTC_b729f.dir/feature_tests.c.o
/usr/bin/cc   -std=c90 -o CMakeFiles/cmTC_b729f.dir/feature_tests.c.o   -c /home/ltruaisch/labRemote/build/CMakeFiles/feature_tests.c
Linking C executable cmTC_b729f
/usr/bin/cmake -E cmake_link_script CMakeFiles/cmTC_b729f.dir/link.txt --verbose=1
/usr/bin/cc      -rdynamic CMakeFiles/cmTC_b729f.dir/feature_tests.c.o  -o cmTC_b729f 
make[1]: Leaving directory '/home/ltruaisch/labRemote/build/CMakeFiles/CMakeTmp'


    Feature record: C_FEATURE:1c_function_prototypes
    Feature record: C_FEATURE:0c_restrict
    Feature record: C_FEATURE:0c_static_assert
    Feature record: C_FEATURE:0c_variadic_macros
Determining if the CXX compiler works passed with the following output:
Change Dir: /home/ltruaisch/labRemote/build/CMakeFiles/CMakeTmp

Run Build Command:"/usr/bin/make" "cmTC_6e6a8/fast"
/usr/bin/make -f CMakeFiles/cmTC_6e6a8.dir/build.make CMakeFiles/cmTC_6e6a8.dir/build
make[1]: Entering directory '/home/ltruaisch/labRemote/build/CMakeFiles/CMakeTmp'
Building CXX object CMakeFiles/cmTC_6e6a8.dir/testCXXCompiler.cxx.o
/usr/bin/c++     -o CMakeFiles/cmTC_6e6a8.dir/testCXXCompiler.cxx.o -c /home/ltruaisch/labRemote/build/CMakeFiles/CMakeTmp/testCXXCompiler.cxx
Linking CXX executable cmTC_6e6a8
/usr/bin/cmake -E cmake_link_script CMakeFiles/cmTC_6e6a8.dir/link.txt --verbose=1
/usr/bin/c++       -rdynamic CMakeFiles/cmTC_6e6a8.dir/testCXXCompiler.cxx.o  -o cmTC_6e6a8 
make[1]: Leaving directory '/home/ltruaisch/labRemote/build/CMakeFiles/CMakeTmp'


Detecting CXX compiler ABI info compiled with the following output:
Change Dir: /home/ltruaisch/labRemote/build/CMakeFiles/CMakeTmp

Run Build Command:"/usr/bin/make" "cmTC_216b0/fast"
/usr/bin/make -f CMakeFiles/cmTC_216b0.dir/build.make CMakeFiles/cmTC_216b0.dir/build
make[1]: Entering directory '/home/ltruaisch/labRemote/build/CMakeFiles/CMakeTmp'
Building CXX object CMakeFiles/cmTC_216b0.dir/CMakeCXXCompilerABI.cpp.o
/usr/bin/c++     -o CMakeFiles/cmTC_216b0.dir/CMakeCXXCompilerABI.cpp.o -c /usr/share/cmake-3.8/Modules/CMakeCXXCompilerABI.cpp
Linking CXX executable cmTC_216b0
/usr/bin/cmake -E cmake_link_script CMakeFiles/cmTC_216b0.dir/link.txt --verbose=1
/usr/bin/c++      -v -rdynamic CMakeFiles/cmTC_216b0.dir/CMakeCXXCompilerABI.cpp.o  -o cmTC_216b0 
Using built-in specs.
COLLECT_GCC=/usr/bin/c++
COLLECT_LTO_WRAPPER=/usr/libexec/gcc/arm-xilinx-linux-gnueabi/7.2.0/lto-wrapper
Target: arm-xilinx-linux-gnueabi
Configured with: ../../../../../../work-shared/gcc-7.2.0-r0/gcc-7.2.0/configure --build=x86_64-linux --host=arm-xilinx-linux-gnueabi --target=arm-xilinx-linux-gnueabi --prefix=/usr --exec_prefix=/usr --bindir=/usr/bin --sbindir=/usr/sbin --libexecdir=/usr/libexec --datadir=/usr/share --sysconfdir=/etc --sharedstatedir=/com --localstatedir=/var --libdir=/usr/lib --includedir=/usr/include --oldincludedir=/usr/include --infodir=/usr/share/info --mandir=/usr/share/man --disable-silent-rules --disable-dependency-tracking --with-libtool-sysroot=/scratch/petalinux-yocto/yocto_downloads_2018.2_zynq-generic/build_zynq-generic/tmp/work/cortexa9hf-neon-xilinx-linux-gnueabi/gcc/7.2.0-r0/recipe-sysroot --with-gnu-ld --enable-shared --enable-languages=c,c++ --enable-threads=posix --enable-multilib --enable-c99 --enable-long-long --enable-symvers=gnu --enable-libstdcxx-pch --program-prefix=arm-xilinx-linux-gnueabi- --without-local-prefix --enable-lto --enable-libssp --enable-libitm --disable-bootstrap --disable-libmudflap --with-system-zlib --with-linker-hash-style=gnu --enable-linker-build-id --with-ppl=no --with-cloog=no --enable-checking=release --enable-cheaders=c_global --without-isl --with-float=hard --with-sysroot=/ --with-build-sysroot=/scratch/petalinux-yocto/yocto_downloads_2018.2_zynq-generic/build_zynq-generic/tmp/work/cortexa9hf-neon-xilinx-linux-gnueabi/gcc/7.2.0-r0/recipe-sysroot --with-gxx-include-dir=/usr/include/c++/7.2.0 --without-long-double-128 --disable-static --enable-nls --enable-initfini-array --with-arch=armv7-a
Thread model: posix
gcc version 7.2.0 (GCC) 
COMPILER_PATH=/usr/libexec/gcc/arm-xilinx-linux-gnueabi/7.2.0/:/usr/libexec/gcc/arm-xilinx-linux-gnueabi/7.2.0/:/usr/libexec/gcc/arm-xilinx-linux-gnueabi/:/usr/lib/gcc/arm-xilinx-linux-gnueabi/7.2.0/:/usr/lib/gcc/arm-xilinx-linux-gnueabi/:/usr/lib/gcc/arm-xilinx-linux-gnueabi/7.2.0/../../../../arm-xilinx-linux-gnueabi/bin/
LIBRARY_PATH=/usr/lib/gcc/arm-xilinx-linux-gnueabi/7.2.0/:/usr/lib/gcc/arm-xilinx-linux-gnueabi/7.2.0/../../../arm-xilinx-linux-gnueabi/7.2.0/:/usr/lib/gcc/arm-xilinx-linux-gnueabi/7.2.0/../../../:/lib/:/usr/lib/arm-xilinx-linux-gnueabi/7.2.0/:/usr/lib/
COLLECT_GCC_OPTIONS='-v' '-rdynamic' '-o' 'cmTC_216b0' '-shared-libgcc' '-march=armv7-a' '-mfloat-abi=hard' '-mtls-dialect=gnu'
 /usr/libexec/gcc/arm-xilinx-linux-gnueabi/7.2.0/collect2 -plugin /usr/libexec/gcc/arm-xilinx-linux-gnueabi/7.2.0/liblto_plugin.so -plugin-opt=/usr/libexec/gcc/arm-xilinx-linux-gnueabi/7.2.0/lto-wrapper -plugin-opt=-fresolution=/tmp/ccMQuMed.res -plugin-opt=-pass-through=-lgcc_s -plugin-opt=-pass-through=-lgcc -plugin-opt=-pass-through=-lc -plugin-opt=-pass-through=-lgcc_s -plugin-opt=-pass-through=-lgcc --sysroot=/ --build-id --eh-frame-hdr --hash-style=gnu -export-dynamic -dynamic-linker /lib/ld-linux-armhf.so.3 -X -m armelf_linux_eabi -o cmTC_216b0 /usr/lib/gcc/arm-xilinx-linux-gnueabi/7.2.0/../../../crt1.o /usr/lib/gcc/arm-xilinx-linux-gnueabi/7.2.0/../../../crti.o /usr/lib/gcc/arm-xilinx-linux-gnueabi/7.2.0/../../../arm-xilinx-linux-gnueabi/7.2.0/crtbegin.o -L/usr/lib/gcc/arm-xilinx-linux-gnueabi/7.2.0 -L/usr/lib/gcc/arm-xilinx-linux-gnueabi/7.2.0/../../../arm-xilinx-linux-gnueabi/7.2.0 -L/usr/lib/gcc/arm-xilinx-linux-gnueabi/7.2.0/../../.. -L/usr/lib/arm-xilinx-linux-gnueabi/7.2.0 CMakeFiles/cmTC_216b0.dir/CMakeCXXCompilerABI.cpp.o -lstdc++ -lm -lgcc_s -lgcc -lc -lgcc_s -lgcc /usr/lib/gcc/arm-xilinx-linux-gnueabi/7.2.0/../../../arm-xilinx-linux-gnueabi/7.2.0/crtend.o /usr/lib/gcc/arm-xilinx-linux-gnueabi/7.2.0/../../../crtn.o
COLLECT_GCC_OPTIONS='-v' '-rdynamic' '-o' 'cmTC_216b0' '-shared-libgcc' '-march=armv7-a' '-mfloat-abi=hard' '-mtls-dialect=gnu'
make[1]: Leaving directory '/home/ltruaisch/labRemote/build/CMakeFiles/CMakeTmp'


Parsed CXX implicit link information from above output:
  link line regex: [^( *|.*[/\])(ld|([^/\]+-)?ld|collect2)[^/\]*( |$)]
  ignore line: [Change Dir: /home/ltruaisch/labRemote/build/CMakeFiles/CMakeTmp]
  ignore line: []
  ignore line: [Run Build Command:"/usr/bin/make" "cmTC_216b0/fast"]
  ignore line: [/usr/bin/make -f CMakeFiles/cmTC_216b0.dir/build.make CMakeFiles/cmTC_216b0.dir/build]
  ignore line: [make[1]: Entering directory '/home/ltruaisch/labRemote/build/CMakeFiles/CMakeTmp']
  ignore line: [Building CXX object CMakeFiles/cmTC_216b0.dir/CMakeCXXCompilerABI.cpp.o]
  ignore line: [/usr/bin/c++     -o CMakeFiles/cmTC_216b0.dir/CMakeCXXCompilerABI.cpp.o -c /usr/share/cmake-3.8/Modules/CMakeCXXCompilerABI.cpp]
  ignore line: [Linking CXX executable cmTC_216b0]
  ignore line: [/usr/bin/cmake -E cmake_link_script CMakeFiles/cmTC_216b0.dir/link.txt --verbose=1]
  ignore line: [/usr/bin/c++      -v -rdynamic CMakeFiles/cmTC_216b0.dir/CMakeCXXCompilerABI.cpp.o  -o cmTC_216b0 ]
  ignore line: [Using built-in specs.]
  ignore line: [COLLECT_GCC=/usr/bin/c++]
  ignore line: [COLLECT_LTO_WRAPPER=/usr/libexec/gcc/arm-xilinx-linux-gnueabi/7.2.0/lto-wrapper]
  ignore line: [Target: arm-xilinx-linux-gnueabi]
  ignore line: [Configured with: ../../../../../../work-shared/gcc-7.2.0-r0/gcc-7.2.0/configure --build=x86_64-linux --host=arm-xilinx-linux-gnueabi --target=arm-xilinx-linux-gnueabi --prefix=/usr --exec_prefix=/usr --bindir=/usr/bin --sbindir=/usr/sbin --libexecdir=/usr/libexec --datadir=/usr/share --sysconfdir=/etc --sharedstatedir=/com --localstatedir=/var --libdir=/usr/lib --includedir=/usr/include --oldincludedir=/usr/include --infodir=/usr/share/info --mandir=/usr/share/man --disable-silent-rules --disable-dependency-tracking --with-libtool-sysroot=/scratch/petalinux-yocto/yocto_downloads_2018.2_zynq-generic/build_zynq-generic/tmp/work/cortexa9hf-neon-xilinx-linux-gnueabi/gcc/7.2.0-r0/recipe-sysroot --with-gnu-ld --enable-shared --enable-languages=c,c++ --enable-threads=posix --enable-multilib --enable-c99 --enable-long-long --enable-symvers=gnu --enable-libstdcxx-pch --program-prefix=arm-xilinx-linux-gnueabi- --without-local-prefix --enable-lto --enable-libssp --enable-libitm --disable-bootstrap --disable-libmudflap --with-system-zlib --with-linker-hash-style=gnu --enable-linker-build-id --with-ppl=no --with-cloog=no --enable-checking=release --enable-cheaders=c_global --without-isl --with-float=hard --with-sysroot=/ --with-build-sysroot=/scratch/petalinux-yocto/yocto_downloads_2018.2_zynq-generic/build_zynq-generic/tmp/work/cortexa9hf-neon-xilinx-linux-gnueabi/gcc/7.2.0-r0/recipe-sysroot --with-gxx-include-dir=/usr/include/c++/7.2.0 --without-long-double-128 --disable-static --enable-nls --enable-initfini-array --with-arch=armv7-a]
  ignore line: [Thread model: posix]
  ignore line: [gcc version 7.2.0 (GCC) ]
  ignore line: [COMPILER_PATH=/usr/libexec/gcc/arm-xilinx-linux-gnueabi/7.2.0/:/usr/libexec/gcc/arm-xilinx-linux-gnueabi/7.2.0/:/usr/libexec/gcc/arm-xilinx-linux-gnueabi/:/usr/lib/gcc/arm-xilinx-linux-gnueabi/7.2.0/:/usr/lib/gcc/arm-xilinx-linux-gnueabi/:/usr/lib/gcc/arm-xilinx-linux-gnueabi/7.2.0/../../../../arm-xilinx-linux-gnueabi/bin/]
  ignore line: [LIBRARY_PATH=/usr/lib/gcc/arm-xilinx-linux-gnueabi/7.2.0/:/usr/lib/gcc/arm-xilinx-linux-gnueabi/7.2.0/../../../arm-xilinx-linux-gnueabi/7.2.0/:/usr/lib/gcc/arm-xilinx-linux-gnueabi/7.2.0/../../../:/lib/:/usr/lib/arm-xilinx-linux-gnueabi/7.2.0/:/usr/lib/]
  ignore line: [COLLECT_GCC_OPTIONS='-v' '-rdynamic' '-o' 'cmTC_216b0' '-shared-libgcc' '-march=armv7-a' '-mfloat-abi=hard' '-mtls-dialect=gnu']
  link line: [ /usr/libexec/gcc/arm-xilinx-linux-gnueabi/7.2.0/collect2 -plugin /usr/libexec/gcc/arm-xilinx-linux-gnueabi/7.2.0/liblto_plugin.so -plugin-opt=/usr/libexec/gcc/arm-xilinx-linux-gnueabi/7.2.0/lto-wrapper -plugin-opt=-fresolution=/tmp/ccMQuMed.res -plugin-opt=-pass-through=-lgcc_s -plugin-opt=-pass-through=-lgcc -plugin-opt=-pass-through=-lc -plugin-opt=-pass-through=-lgcc_s -plugin-opt=-pass-through=-lgcc --sysroot=/ --build-id --eh-frame-hdr --hash-style=gnu -export-dynamic -dynamic-linker /lib/ld-linux-armhf.so.3 -X -m armelf_linux_eabi -o cmTC_216b0 /usr/lib/gcc/arm-xilinx-linux-gnueabi/7.2.0/../../../crt1.o /usr/lib/gcc/arm-xilinx-linux-gnueabi/7.2.0/../../../crti.o /usr/lib/gcc/arm-xilinx-linux-gnueabi/7.2.0/../../../arm-xilinx-linux-gnueabi/7.2.0/crtbegin.o -L/usr/lib/gcc/arm-xilinx-linux-gnueabi/7.2.0 -L/usr/lib/gcc/arm-xilinx-linux-gnueabi/7.2.0/../../../arm-xilinx-linux-gnueabi/7.2.0 -L/usr/lib/gcc/arm-xilinx-linux-gnueabi/7.2.0/../../.. -L/usr/lib/arm-xilinx-linux-gnueabi/7.2.0 CMakeFiles/cmTC_216b0.dir/CMakeCXXCompilerABI.cpp.o -lstdc++ -lm -lgcc_s -lgcc -lc -lgcc_s -lgcc /usr/lib/gcc/arm-xilinx-linux-gnueabi/7.2.0/../../../arm-xilinx-linux-gnueabi/7.2.0/crtend.o /usr/lib/gcc/arm-xilinx-linux-gnueabi/7.2.0/../../../crtn.o]
    arg [/usr/libexec/gcc/arm-xilinx-linux-gnueabi/7.2.0/collect2] ==> ignore
    arg [-plugin] ==> ignore
    arg [/usr/libexec/gcc/arm-xilinx-linux-gnueabi/7.2.0/liblto_plugin.so] ==> ignore
    arg [-plugin-opt=/usr/libexec/gcc/arm-xilinx-linux-gnueabi/7.2.0/lto-wrapper] ==> ignore
    arg [-plugin-opt=-fresolution=/tmp/ccMQuMed.res] ==> ignore
    arg [-plugin-opt=-pass-through=-lgcc_s] ==> ignore
    arg [-plugin-opt=-pass-through=-lgcc] ==> ignore
    arg [-plugin-opt=-pass-through=-lc] ==> ignore
    arg [-plugin-opt=-pass-through=-lgcc_s] ==> ignore
    arg [-plugin-opt=-pass-through=-lgcc] ==> ignore
    arg [--sysroot=/] ==> ignore
    arg [--build-id] ==> ignore
    arg [--eh-frame-hdr] ==> ignore
    arg [--hash-style=gnu] ==> ignore
    arg [-export-dynamic] ==> ignore
    arg [-dynamic-linker] ==> ignore
    arg [/lib/ld-linux-armhf.so.3] ==> ignore
    arg [-X] ==> ignore
    arg [-m] ==> ignore
    arg [armelf_linux_eabi] ==> ignore
    arg [-o] ==> ignore
    arg [cmTC_216b0] ==> ignore
    arg [/usr/lib/gcc/arm-xilinx-linux-gnueabi/7.2.0/../../../crt1.o] ==> ignore
    arg [/usr/lib/gcc/arm-xilinx-linux-gnueabi/7.2.0/../../../crti.o] ==> ignore
    arg [/usr/lib/gcc/arm-xilinx-linux-gnueabi/7.2.0/../../../arm-xilinx-linux-gnueabi/7.2.0/crtbegin.o] ==> ignore
    arg [-L/usr/lib/gcc/arm-xilinx-linux-gnueabi/7.2.0] ==> dir [/usr/lib/gcc/arm-xilinx-linux-gnueabi/7.2.0]
    arg [-L/usr/lib/gcc/arm-xilinx-linux-gnueabi/7.2.0/../../../arm-xilinx-linux-gnueabi/7.2.0] ==> dir [/usr/lib/gcc/arm-xilinx-linux-gnueabi/7.2.0/../../../arm-xilinx-linux-gnueabi/7.2.0]
    arg [-L/usr/lib/gcc/arm-xilinx-linux-gnueabi/7.2.0/../../..] ==> dir [/usr/lib/gcc/arm-xilinx-linux-gnueabi/7.2.0/../../..]
    arg [-L/usr/lib/arm-xilinx-linux-gnueabi/7.2.0] ==> dir [/usr/lib/arm-xilinx-linux-gnueabi/7.2.0]
    arg [CMakeFiles/cmTC_216b0.dir/CMakeCXXCompilerABI.cpp.o] ==> ignore
    arg [-lstdc++] ==> lib [stdc++]
    arg [-lm] ==> lib [m]
    arg [-lgcc_s] ==> lib [gcc_s]
    arg [-lgcc] ==> lib [gcc]
    arg [-lc] ==> lib [c]
    arg [-lgcc_s] ==> lib [gcc_s]
    arg [-lgcc] ==> lib [gcc]
    arg [/usr/lib/gcc/arm-xilinx-linux-gnueabi/7.2.0/../../../arm-xilinx-linux-gnueabi/7.2.0/crtend.o] ==> ignore
    arg [/usr/lib/gcc/arm-xilinx-linux-gnueabi/7.2.0/../../../crtn.o] ==> ignore
  remove lib [gcc_s]
  remove lib [gcc]
  remove lib [gcc_s]
  remove lib [gcc]
  collapse library dir [/usr/lib/gcc/arm-xilinx-linux-gnueabi/7.2.0] ==> [/usr/lib/gcc/arm-xilinx-linux-gnueabi/7.2.0]
  collapse library dir [/usr/lib/gcc/arm-xilinx-linux-gnueabi/7.2.0/../../../arm-xilinx-linux-gnueabi/7.2.0] ==> [/usr/lib/arm-xilinx-linux-gnueabi/7.2.0]
  collapse library dir [/usr/lib/gcc/arm-xilinx-linux-gnueabi/7.2.0/../../..] ==> [/usr/lib]
  collapse library dir [/usr/lib/arm-xilinx-linux-gnueabi/7.2.0] ==> [/usr/lib/arm-xilinx-linux-gnueabi/7.2.0]
  implicit libs: [stdc++;m;c]
  implicit dirs: [/usr/lib/gcc/arm-xilinx-linux-gnueabi/7.2.0;/usr/lib/arm-xilinx-linux-gnueabi/7.2.0;/usr/lib]
  implicit fwks: []




Detecting CXX [-std=c++1z] compiler features compiled with the following output:
Change Dir: /home/ltruaisch/labRemote/build/CMakeFiles/CMakeTmp

Run Build Command:"/usr/bin/make" "cmTC_cf866/fast"
/usr/bin/make -f CMakeFiles/cmTC_cf866.dir/build.make CMakeFiles/cmTC_cf866.dir/build
make[1]: Entering directory '/home/ltruaisch/labRemote/build/CMakeFiles/CMakeTmp'
Building CXX object CMakeFiles/cmTC_cf866.dir/feature_tests.cxx.o
/usr/bin/c++    -std=c++1z -o CMakeFiles/cmTC_cf866.dir/feature_tests.cxx.o -c /home/ltruaisch/labRemote/build/CMakeFiles/feature_tests.cxx
Linking CXX executable cmTC_cf866
/usr/bin/cmake -E cmake_link_script CMakeFiles/cmTC_cf866.dir/link.txt --verbose=1
/usr/bin/c++       -rdynamic CMakeFiles/cmTC_cf866.dir/feature_tests.cxx.o  -o cmTC_cf866 
make[1]: Leaving directory '/home/ltruaisch/labRemote/build/CMakeFiles/CMakeTmp'


    Feature record: CXX_FEATURE:1cxx_aggregate_default_initializers
    Feature record: CXX_FEATURE:1cxx_alias_templates
    Feature record: CXX_FEATURE:1cxx_alignas
    Feature record: CXX_FEATURE:1cxx_alignof
    Feature record: CXX_FEATURE:1cxx_attributes
    Feature record: CXX_FEATURE:1cxx_attribute_deprecated
    Feature record: CXX_FEATURE:1cxx_auto_type
    Feature record: CXX_FEATURE:1cxx_binary_literals
    Feature record: CXX_FEATURE:1cxx_constexpr
    Feature record: CXX_FEATURE:1cxx_contextual_conversions
    Feature record: CXX_FEATURE:1cxx_decltype
    Feature record: CXX_FEATURE:1cxx_decltype_auto
    Feature record: CXX_FEATURE:1cxx_decltype_incomplete_return_types
    Feature record: CXX_FEATURE:1cxx_default_function_template_args
    Feature record: CXX_FEATURE:1cxx_defaulted_functions
    Feature record: CXX_FEATURE:1cxx_defaulted_move_initializers
    Feature record: CXX_FEATURE:1cxx_delegating_constructors
    Feature record: CXX_FEATURE:1cxx_deleted_functions
    Feature record: CXX_FEATURE:1cxx_digit_separators
    Feature record: CXX_FEATURE:1cxx_enum_forward_declarations
    Feature record: CXX_FEATURE:1cxx_explicit_conversions
    Feature record: CXX_FEATURE:1cxx_extended_friend_declarations
    Feature record: CXX_FEATURE:1cxx_extern_templates
    Feature record: CXX_FEATURE:1cxx_final
    Feature record: CXX_FEATURE:1cxx_func_identifier
    Feature record: CXX_FEATURE:1cxx_generalized_initializers
    Feature record: CXX_FEATURE:1cxx_generic_lambdas
    Feature record: CXX_FEATURE:1cxx_inheriting_constructors
    Feature record: CXX_FEATURE:1cxx_inline_namespaces
    Feature record: CXX_FEATURE:1cxx_lambdas
    Feature record: CXX_FEATURE:1cxx_lambda_init_captures
    Feature record: CXX_FEATURE:1cxx_local_type_template_args
    Feature record: CXX_FEATURE:1cxx_long_long_type
    Feature record: CXX_FEATURE:1cxx_noexcept
    Feature record: CXX_FEATURE:1cxx_nonstatic_member_init
    Feature record: CXX_FEATURE:1cxx_nullptr
    Feature record: CXX_FEATURE:1cxx_override
    Feature record: CXX_FEATURE:1cxx_range_for
    Feature record: CXX_FEATURE:1cxx_raw_string_literals
    Feature record: CXX_FEATURE:1cxx_reference_qualified_functions
    Feature record: CXX_FEATURE:1cxx_relaxed_constexpr
    Feature record: CXX_FEATURE:1cxx_return_type_deduction
    Feature record: CXX_FEATURE:1cxx_right_angle_brackets
    Feature record: CXX_FEATURE:1cxx_rvalue_references
    Feature record: CXX_FEATURE:1cxx_sizeof_member
    Feature record: CXX_FEATURE:1cxx_static_assert
    Feature record: CXX_FEATURE:1cxx_strong_enums
    Feature record: CXX_FEATURE:1cxx_template_template_parameters
    Feature record: CXX_FEATURE:1cxx_thread_local
    Feature record: CXX_FEATURE:1cxx_trailing_return_types
    Feature record: CXX_FEATURE:1cxx_unicode_literals
    Feature record: CXX_FEATURE:1cxx_uniform_initialization
    Feature record: CXX_FEATURE:1cxx_unrestricted_unions
    Feature record: CXX_FEATURE:1cxx_user_literals
    Feature record: CXX_FEATURE:1cxx_variable_templates
    Feature record: CXX_FEATURE:1cxx_variadic_macros
    Feature record: CXX_FEATURE:1cxx_variadic_templates


Detecting CXX [-std=c++14] compiler features compiled with the following output:
Change Dir: /home/ltruaisch/labRemote/build/CMakeFiles/CMakeTmp

Run Build Command:"/usr/bin/make" "cmTC_22e3a/fast"
/usr/bin/make -f CMakeFiles/cmTC_22e3a.dir/build.make CMakeFiles/cmTC_22e3a.dir/build
make[1]: Entering directory '/home/ltruaisch/labRemote/build/CMakeFiles/CMakeTmp'
Building CXX object CMakeFiles/cmTC_22e3a.dir/feature_tests.cxx.o
/usr/bin/c++    -std=c++14 -o CMakeFiles/cmTC_22e3a.dir/feature_tests.cxx.o -c /home/ltruaisch/labRemote/build/CMakeFiles/feature_tests.cxx
Linking CXX executable cmTC_22e3a
/usr/bin/cmake -E cmake_link_script CMakeFiles/cmTC_22e3a.dir/link.txt --verbose=1
/usr/bin/c++       -rdynamic CMakeFiles/cmTC_22e3a.dir/feature_tests.cxx.o  -o cmTC_22e3a 
make[1]: Leaving directory '/home/ltruaisch/labRemote/build/CMakeFiles/CMakeTmp'


    Feature record: CXX_FEATURE:1cxx_aggregate_default_initializers
    Feature record: CXX_FEATURE:1cxx_alias_templates
    Feature record: CXX_FEATURE:1cxx_alignas
    Feature record: CXX_FEATURE:1cxx_alignof
    Feature record: CXX_FEATURE:1cxx_attributes
    Feature record: CXX_FEATURE:1cxx_attribute_deprecated
    Feature record: CXX_FEATURE:1cxx_auto_type
    Feature record: CXX_FEATURE:1cxx_binary_literals
    Feature record: CXX_FEATURE:1cxx_constexpr
    Feature record: CXX_FEATURE:1cxx_contextual_conversions
    Feature record: CXX_FEATURE:1cxx_decltype
    Feature record: CXX_FEATURE:1cxx_decltype_auto
    Feature record: CXX_FEATURE:1cxx_decltype_incomplete_return_types
    Feature record: CXX_FEATURE:1cxx_default_function_template_args
    Feature record: CXX_FEATURE:1cxx_defaulted_functions
    Feature record: CXX_FEATURE:1cxx_defaulted_move_initializers
    Feature record: CXX_FEATURE:1cxx_delegating_constructors
    Feature record: CXX_FEATURE:1cxx_deleted_functions
    Feature record: CXX_FEATURE:1cxx_digit_separators
    Feature record: CXX_FEATURE:1cxx_enum_forward_declarations
    Feature record: CXX_FEATURE:1cxx_explicit_conversions
    Feature record: CXX_FEATURE:1cxx_extended_friend_declarations
    Feature record: CXX_FEATURE:1cxx_extern_templates
    Feature record: CXX_FEATURE:1cxx_final
    Feature record: CXX_FEATURE:1cxx_func_identifier
    Feature record: CXX_FEATURE:1cxx_generalized_initializers
    Feature record: CXX_FEATURE:1cxx_generic_lambdas
    Feature record: CXX_FEATURE:1cxx_inheriting_constructors
    Feature record: CXX_FEATURE:1cxx_inline_namespaces
    Feature record: CXX_FEATURE:1cxx_lambdas
    Feature record: CXX_FEATURE:1cxx_lambda_init_captures
    Feature record: CXX_FEATURE:1cxx_local_type_template_args
    Feature record: CXX_FEATURE:1cxx_long_long_type
    Feature record: CXX_FEATURE:1cxx_noexcept
    Feature record: CXX_FEATURE:1cxx_nonstatic_member_init
    Feature record: CXX_FEATURE:1cxx_nullptr
    Feature record: CXX_FEATURE:1cxx_override
    Feature record: CXX_FEATURE:1cxx_range_for
    Feature record: CXX_FEATURE:1cxx_raw_string_literals
    Feature record: CXX_FEATURE:1cxx_reference_qualified_functions
    Feature record: CXX_FEATURE:1cxx_relaxed_constexpr
    Feature record: CXX_FEATURE:1cxx_return_type_deduction
    Feature record: CXX_FEATURE:1cxx_right_angle_brackets
    Feature record: CXX_FEATURE:1cxx_rvalue_references
    Feature record: CXX_FEATURE:1cxx_sizeof_member
    Feature record: CXX_FEATURE:1cxx_static_assert
    Feature record: CXX_FEATURE:1cxx_strong_enums
    Feature record: CXX_FEATURE:1cxx_template_template_parameters
    Feature record: CXX_FEATURE:1cxx_thread_local
    Feature record: CXX_FEATURE:1cxx_trailing_return_types
    Feature record: CXX_FEATURE:1cxx_unicode_literals
    Feature record: CXX_FEATURE:1cxx_uniform_initialization
    Feature record: CXX_FEATURE:1cxx_unrestricted_unions
    Feature record: CXX_FEATURE:1cxx_user_literals
    Feature record: CXX_FEATURE:1cxx_variable_templates
    Feature record: CXX_FEATURE:1cxx_variadic_macros
    Feature record: CXX_FEATURE:1cxx_variadic_templates


Detecting CXX [-std=c++11] compiler features compiled with the following output:
Change Dir: /home/ltruaisch/labRemote/build/CMakeFiles/CMakeTmp

Run Build Command:"/usr/bin/make" "cmTC_809bd/fast"
/usr/bin/make -f CMakeFiles/cmTC_809bd.dir/build.make CMakeFiles/cmTC_809bd.dir/build
make[1]: Entering directory '/home/ltruaisch/labRemote/build/CMakeFiles/CMakeTmp'
Building CXX object CMakeFiles/cmTC_809bd.dir/feature_tests.cxx.o
/usr/bin/c++    -std=c++11 -o CMakeFiles/cmTC_809bd.dir/feature_tests.cxx.o -c /home/ltruaisch/labRemote/build/CMakeFiles/feature_tests.cxx
Linking CXX executable cmTC_809bd
/usr/bin/cmake -E cmake_link_script CMakeFiles/cmTC_809bd.dir/link.txt --verbose=1
/usr/bin/c++       -rdynamic CMakeFiles/cmTC_809bd.dir/feature_tests.cxx.o  -o cmTC_809bd 
make[1]: Leaving directory '/home/ltruaisch/labRemote/build/CMakeFiles/CMakeTmp'


    Feature record: CXX_FEATURE:0cxx_aggregate_default_initializers
    Feature record: CXX_FEATURE:1cxx_alias_templates
    Feature record: CXX_FEATURE:1cxx_alignas
    Feature record: CXX_FEATURE:1cxx_alignof
    Feature record: CXX_FEATURE:1cxx_attributes
    Feature record: CXX_FEATURE:0cxx_attribute_deprecated
    Feature record: CXX_FEATURE:1cxx_auto_type
    Feature record: CXX_FEATURE:0cxx_binary_literals
    Feature record: CXX_FEATURE:1cxx_constexpr
    Feature record: CXX_FEATURE:0cxx_contextual_conversions
    Feature record: CXX_FEATURE:1cxx_decltype
    Feature record: CXX_FEATURE:0cxx_decltype_auto
    Feature record: CXX_FEATURE:1cxx_decltype_incomplete_return_types
    Feature record: CXX_FEATURE:1cxx_default_function_template_args
    Feature record: CXX_FEATURE:1cxx_defaulted_functions
    Feature record: CXX_FEATURE:1cxx_defaulted_move_initializers
    Feature record: CXX_FEATURE:1cxx_delegating_constructors
    Feature record: CXX_FEATURE:1cxx_deleted_functions
    Feature record: CXX_FEATURE:0cxx_digit_separators
    Feature record: CXX_FEATURE:1cxx_enum_forward_declarations
    Feature record: CXX_FEATURE:1cxx_explicit_conversions
    Feature record: CXX_FEATURE:1cxx_extended_friend_declarations
    Feature record: CXX_FEATURE:1cxx_extern_templates
    Feature record: CXX_FEATURE:1cxx_final
    Feature record: CXX_FEATURE:1cxx_func_identifier
    Feature record: CXX_FEATURE:1cxx_generalized_initializers
    Feature record: CXX_FEATURE:0cxx_generic_lambdas
    Feature record: CXX_FEATURE:1cxx_inheriting_constructors
    Feature record: CXX_FEATURE:1cxx_inline_namespaces
    Feature record: CXX_FEATURE:1cxx_lambdas
    Feature record: CXX_FEATURE:0cxx_lambda_init_captures
    Feature record: CXX_FEATURE:1cxx_local_type_template_args
    Feature record: CXX_FEATURE:1cxx_long_long_type
    Feature record: CXX_FEATURE:1cxx_noexcept
    Feature record: CXX_FEATURE:1cxx_nonstatic_member_init
    Feature record: CXX_FEATURE:1cxx_nullptr
    Feature record: CXX_FEATURE:1cxx_override
    Feature record: CXX_FEATURE:1cxx_range_for
    Feature record: CXX_FEATURE:1cxx_raw_string_literals
    Feature record: CXX_FEATURE:1cxx_reference_qualified_functions
    Feature record: CXX_FEATURE:0cxx_relaxed_constexpr
    Feature record: CXX_FEATURE:0cxx_return_type_deduction
    Feature record: CXX_FEATURE:1cxx_right_angle_brackets
    Feature record: CXX_FEATURE:1cxx_rvalue_references
    Feature record: CXX_FEATURE:1cxx_sizeof_member
    Feature record: CXX_FEATURE:1cxx_static_assert
    Feature record: CXX_FEATURE:1cxx_strong_enums
    Feature record: CXX_FEATURE:1cxx_template_template_parameters
    Feature record: CXX_FEATURE:1cxx_thread_local
    Feature record: CXX_FEATURE:1cxx_trailing_return_types
    Feature record: CXX_FEATURE:1cxx_unicode_literals
    Feature record: CXX_FEATURE:1cxx_uniform_initialization
    Feature record: CXX_FEATURE:1cxx_unrestricted_unions
    Feature record: CXX_FEATURE:1cxx_user_literals
    Feature record: CXX_FEATURE:0cxx_variable_templates
    Feature record: CXX_FEATURE:1cxx_variadic_macros
    Feature record: CXX_FEATURE:1cxx_variadic_templates


Detecting CXX [-std=c++98] compiler features compiled with the following output:
Change Dir: /home/ltruaisch/labRemote/build/CMakeFiles/CMakeTmp

Run Build Command:"/usr/bin/make" "cmTC_51b5b/fast"
/usr/bin/make -f CMakeFiles/cmTC_51b5b.dir/build.make CMakeFiles/cmTC_51b5b.dir/build
make[1]: Entering directory '/home/ltruaisch/labRemote/build/CMakeFiles/CMakeTmp'
Building CXX object CMakeFiles/cmTC_51b5b.dir/feature_tests.cxx.o
/usr/bin/c++    -std=c++98 -o CMakeFiles/cmTC_51b5b.dir/feature_tests.cxx.o -c /home/ltruaisch/labRemote/build/CMakeFiles/feature_tests.cxx
Linking CXX executable cmTC_51b5b
/usr/bin/cmake -E cmake_link_script CMakeFiles/cmTC_51b5b.dir/link.txt --verbose=1
/usr/bin/c++       -rdynamic CMakeFiles/cmTC_51b5b.dir/feature_tests.cxx.o  -o cmTC_51b5b 
make[1]: Leaving directory '/home/ltruaisch/labRemote/build/CMakeFiles/CMakeTmp'


    Feature record: CXX_FEATURE:0cxx_aggregate_default_initializers
    Feature record: CXX_FEATURE:0cxx_alias_templates
    Feature record: CXX_FEATURE:0cxx_alignas
    Feature record: CXX_FEATURE:0cxx_alignof
    Feature record: CXX_FEATURE:0cxx_attributes
    Feature record: CXX_FEATURE:0cxx_attribute_deprecated
    Feature record: CXX_FEATURE:0cxx_auto_type
    Feature record: CXX_FEATURE:0cxx_binary_literals
    Feature record: CXX_FEATURE:0cxx_constexpr
    Feature record: CXX_FEATURE:0cxx_contextual_conversions
    Feature record: CXX_FEATURE:0cxx_decltype
    Feature record: CXX_FEATURE:0cxx_decltype_auto
    Feature record: CXX_FEATURE:0cxx_decltype_incomplete_return_types
    Feature record: CXX_FEATURE:0cxx_default_function_template_args
    Feature record: CXX_FEATURE:0cxx_defaulted_functions
    Feature record: CXX_FEATURE:0cxx_defaulted_move_initializers
    Feature record: CXX_FEATURE:0cxx_delegating_constructors
    Feature record: CXX_FEATURE:0cxx_deleted_functions
    Feature record: CXX_FEATURE:0cxx_digit_separators
    Feature record: CXX_FEATURE:0cxx_enum_forward_declarations
    Feature record: CXX_FEATURE:0cxx_explicit_conversions
    Feature record: CXX_FEATURE:0cxx_extended_friend_declarations
    Feature record: CXX_FEATURE:0cxx_extern_templates
    Feature record: CXX_FEATURE:0cxx_final
    Feature record: CXX_FEATURE:0cxx_func_identifier
    Feature record: CXX_FEATURE:0cxx_generalized_initializers
    Feature record: CXX_FEATURE:0cxx_generic_lambdas
    Feature record: CXX_FEATURE:0cxx_inheriting_constructors
    Feature record: CXX_FEATURE:0cxx_inline_namespaces
    Feature record: CXX_FEATURE:0cxx_lambdas
    Feature record: CXX_FEATURE:0cxx_lambda_init_captures
    Feature record: CXX_FEATURE:0cxx_local_type_template_args
    Feature record: CXX_FEATURE:0cxx_long_long_type
    Feature record: CXX_FEATURE:0cxx_noexcept
    Feature record: CXX_FEATURE:0cxx_nonstatic_member_init
    Feature record: CXX_FEATURE:0cxx_nullptr
    Feature record: CXX_FEATURE:0cxx_override
    Feature record: CXX_FEATURE:0cxx_range_for
    Feature record: CXX_FEATURE:0cxx_raw_string_literals
    Feature record: CXX_FEATURE:0cxx_reference_qualified_functions
    Feature record: CXX_FEATURE:0cxx_relaxed_constexpr
    Feature record: CXX_FEATURE:0cxx_return_type_deduction
    Feature record: CXX_FEATURE:0cxx_right_angle_brackets
    Feature record: CXX_FEATURE:0cxx_rvalue_references
    Feature record: CXX_FEATURE:0cxx_sizeof_member
    Feature record: CXX_FEATURE:0cxx_static_assert
    Feature record: CXX_FEATURE:0cxx_strong_enums
    Feature record: CXX_FEATURE:1cxx_template_template_parameters
    Feature record: CXX_FEATURE:0cxx_thread_local
    Feature record: CXX_FEATURE:0cxx_trailing_return_types
    Feature record: CXX_FEATURE:0cxx_unicode_literals
    Feature record: CXX_FEATURE:0cxx_uniform_initialization
    Feature record: CXX_FEATURE:0cxx_unrestricted_unions
    Feature record: CXX_FEATURE:0cxx_user_literals
    Feature record: CXX_FEATURE:0cxx_variable_templates
    Feature record: CXX_FEATURE:0cxx_variadic_macros
    Feature record: CXX_FEATURE:0cxx_variadic_templates
